# JRE version: Java(TM) SE Runtime Environment (8.0_181-b13) (build 1.8.0_181-b13)
# Java VM: Java HotSpot(TM) 64-Bit Server VM (25.181-b13 mixed mode windows-amd64 compressed oops)
Heap:
 PSYoungGen      total 151040K, used 58012K [0x00000000d5980000, 0x00000000e0180000, 0x0000000100000000)
  eden space 133120K, 35% used [0x00000000d5980000,0x00000000d8776490,0x00000000ddb80000)
  from space 17920K, 61% used [0x00000000df000000,0x00000000dfab0e50,0x00000000e0180000)
  to   space 19456K, 0% used [0x00000000ddb80000,0x00000000ddb80000,0x00000000dee80000)
 ParOldGen       total 87552K, used 32467K [0x0000000080c00000, 0x0000000086180000, 0x00000000d5980000)
  object space 87552K, 37% used [0x0000000080c00000,0x0000000082bb4c20,0x0000000086180000)
 Metaspace       used 18576K, capacity 18786K, committed 18944K, reserved 1067008K
  class space    used 1967K, capacity 2029K, committed 2048K, reserved 1048576K
GC Heap History (10 events):
Event: 1.361 GC heap before
{Heap before GC invocations=2 (full 0):
 PSYoungGen      total 38400K, used 36176K [0x00000000d5980000, 0x00000000d8400000, 0x0000000100000000)
  eden space 33280K, 100% used [0x00000000d5980000,0x00000000d7a00000,0x00000000d7a00000)
  from space 5120K, 56% used [0x00000000d7a00000,0x00000000d7cd42f0,0x00000000d7f00000)
  to   space 5120K, 0% used [0x00000000d7f00000,0x00000000d7f00000,0x00000000d8400000)
 ParOldGen       total 87552K, used 80K [0x0000000080c00000, 0x0000000086180000, 0x00000000d5980000)
  object space 87552K, 0% used [0x0000000080c00000,0x0000000080c14010,0x0000000086180000)
 Metaspace       used 11478K, capacity 11658K, committed 11904K, reserved 1060864K
  class space    used 1228K, capacity 1307K, committed 1408K, reserved 1048576K
Event: 1.377 GC heap after
Heap after GC invocations=2 (full 0):
 PSYoungGen      total 38400K, used 5104K [0x00000000d5980000, 0x00000000da480000, 0x0000000100000000)
  eden space 33280K, 0% used [0x00000000d5980000,0x00000000d5980000,0x00000000d7a00000)
  from space 5120K, 99% used [0x00000000d7f00000,0x00000000d83fc010,0x00000000d8400000)
  to   space 5120K, 0% used [0x00000000d7a00000,0x00000000d7a00000,0x00000000d7f00000)
 ParOldGen       total 87552K, used 12970K [0x0000000080c00000, 0x0000000086180000, 0x00000000d5980000)
  object space 87552K, 14% used [0x0000000080c00000,0x00000000818aa850,0x0000000086180000)
 Metaspace       used 11478K, capacity 11658K, committed 11904K, reserved 1060864K
  class space    used 1228K, capacity 1307K, committed 1408K, reserved 1048576K
}
Event: 1.654 GC heap before
{Heap before GC invocations=3 (full 0):
 PSYoungGen      total 38400K, used 38384K [0x00000000d5980000, 0x00000000da480000, 0x0000000100000000)
  eden space 33280K, 100% used [0x00000000d5980000,0x00000000d7a00000,0x00000000d7a00000)
  from space 5120K, 99% used [0x00000000d7f00000,0x00000000d83fc010,0x00000000d8400000)
  to   space 5120K, 0% used [0x00000000d7a00000,0x00000000d7a00000,0x00000000d7f00000)
 ParOldGen       total 87552K, used 12970K [0x0000000080c00000, 0x0000000086180000, 0x00000000d5980000)
  object space 87552K, 14% used [0x0000000080c00000,0x00000000818aa850,0x0000000086180000)
 Metaspace       used 11809K, capacity 11920K, committed 12160K, reserved 1060864K
  class space    used 1240K, capacity 1308K, committed 1408K, reserved 1048576K
Event: 1.662 GC heap after
Heap after GC invocations=3 (full 0):
 PSYoungGen      total 38400K, used 5104K [0x00000000d5980000, 0x00000000da480000, 0x0000000100000000)
  eden space 33280K, 0% used [0x00000000d5980000,0x00000000d5980000,0x00000000d7a00000)
  from space 5120K, 99% used [0x00000000d7a00000,0x00000000d7efc030,0x00000000d7f00000)
  to   space 5120K, 0% used [0x00000000d9f80000,0x00000000d9f80000,0x00000000da480000)
 ParOldGen       total 87552K, used 16530K [0x0000000080c00000, 0x0000000086180000, 0x00000000d5980000)
  object space 87552K, 18% used [0x0000000080c00000,0x0000000081c24870,0x0000000086180000)
 Metaspace       used 11809K, capacity 11920K, committed 12160K, reserved 1060864K
  class space    used 1240K, capacity 1308K, committed 1408K, reserved 1048576K
}
Event: 2.016 GC heap before
{Heap before GC invocations=4 (full 0):
 PSYoungGen      total 38400K, used 38384K [0x00000000d5980000, 0x00000000da480000, 0x0000000100000000)
  eden space 33280K, 100% used [0x00000000d5980000,0x00000000d7a00000,0x00000000d7a00000)
  from space 5120K, 99% used [0x00000000d7a00000,0x00000000d7efc030,0x00000000d7f00000)
  to   space 5120K, 0% used [0x00000000d9f80000,0x00000000d9f80000,0x00000000da480000)
 ParOldGen       total 87552K, used 16530K [0x0000000080c00000, 0x0000000086180000, 0x00000000d5980000)
  object space 87552K, 18% used [0x0000000080c00000,0x0000000081c24870,0x0000000086180000)
 Metaspace       used 12498K, capacity 12706K, committed 12928K, reserved 1060864K
  class space    used 1297K, capacity 1377K, committed 1408K, reserved 1048576K
Event: 2.030 GC heap after
Heap after GC invocations=4 (full 0):
 PSYoungGen      total 71680K, used 5104K [0x00000000d5980000, 0x00000000da480000, 0x0000000100000000)
  eden space 66560K, 0% used [0x00000000d5980000,0x00000000d5980000,0x00000000d9a80000)
  from space 5120K, 99% used [0x00000000d9f80000,0x00000000da47c030,0x00000000da480000)
  to   space 5120K, 0% used [0x00000000d9a80000,0x00000000d9a80000,0x00000000d9f80000)
 ParOldGen       total 87552K, used 28438K [0x0000000080c00000, 0x0000000086180000, 0x00000000d5980000)
  object space 87552K, 32% used [0x0000000080c00000,0x00000000827c5948,0x0000000086180000)
 Metaspace       used 12498K, capacity 12706K, committed 12928K, reserved 1060864K
  class space    used 1297K, capacity 1377K, committed 1408K, reserved 1048576K
}
Event: 2.723 GC heap before
{Heap before GC invocations=5 (full 0):
 PSYoungGen      total 71680K, used 71664K [0x00000000d5980000, 0x00000000da480000, 0x0000000100000000)
  eden space 66560K, 100% used [0x00000000d5980000,0x00000000d9a80000,0x00000000d9a80000)
  from space 5120K, 99% used [0x00000000d9f80000,0x00000000da47c030,0x00000000da480000)
  to   space 5120K, 0% used [0x00000000d9a80000,0x00000000d9a80000,0x00000000d9f80000)
 ParOldGen       total 87552K, used 28438K [0x0000000080c00000, 0x0000000086180000, 0x00000000d5980000)
  object space 87552K, 32% used [0x0000000080c00000,0x00000000827c5948,0x0000000086180000)
 Metaspace       used 15900K, capacity 16146K, committed 16384K, reserved 1064960K
  class space    used 1645K, capacity 1705K, committed 1792K, reserved 1048576K
Event: 2.734 GC heap after
Heap after GC invocations=5 (full 0):
 PSYoungGen      total 71680K, used 5104K [0x00000000d5980000, 0x00000000e0480000, 0x0000000100000000)
  eden space 66560K, 0% used [0x00000000d5980000,0x00000000d5980000,0x00000000d9a80000)
  from space 5120K, 99% used [0x00000000d9a80000,0x00000000d9f7c010,0x00000000d9f80000)
  to   space 20992K, 0% used [0x00000000df000000,0x00000000df000000,0x00000000e0480000)
 ParOldGen       total 87552K, used 32459K [0x0000000080c00000, 0x0000000086180000, 0x00000000d5980000)
  object space 87552K, 37% used [0x0000000080c00000,0x0000000082bb2c20,0x0000000086180000)
 Metaspace       used 15900K, capacity 16146K, committed 16384K, reserved 1064960K
  class space    used 1645K, capacity 1705K, committed 1792K, reserved 1048576K
}
Event: 3.063 GC heap before
{Heap before GC invocations=6 (full 0):
 PSYoungGen      total 71680K, used 71664K [0x00000000d5980000, 0x00000000e0480000, 0x0000000100000000)
  eden space 66560K, 100% used [0x00000000d5980000,0x00000000d9a80000,0x00000000d9a80000)
  from space 5120K, 99% used [0x00000000d9a80000,0x00000000d9f7c010,0x00000000d9f80000)
  to   space 20992K, 0% used [0x00000000df000000,0x00000000df000000,0x00000000e0480000)
 ParOldGen       total 87552K, used 32459K [0x0000000080c00000, 0x0000000086180000, 0x00000000d5980000)
  object space 87552K, 37% used [0x0000000080c00000,0x0000000082bb2c20,0x0000000086180000)
 Metaspace       used 17330K, capacity 17554K, committed 17792K, reserved 1064960K
  class space    used 1832K, capacity 1897K, committed 1920K, reserved 1048576K
Event: 3.075 GC heap after
Heap after GC invocations=6 (full 0):
 PSYoungGen      total 151040K, used 10947K [0x00000000d5980000, 0x00000000e0180000, 0x0000000100000000)
  eden space 133120K, 0% used [0x00000000d5980000,0x00000000d5980000,0x00000000ddb80000)
  from space 17920K, 61% used [0x00000000df000000,0x00000000dfab0e50,0x00000000e0180000)
  to   space 19456K, 0% used [0x00000000ddb80000,0x00000000ddb80000,0x00000000dee80000)
 ParOldGen       total 87552K, used 32467K [0x0000000080c00000, 0x0000000086180000, 0x00000000d5980000)
  object space 87552K, 37% used [0x0000000080c00000,0x0000000082bb4c20,0x0000000086180000)
 Metaspace       used 17330K, capacity 17554K, committed 17792K, reserved 1064960K
  class space    used 1832K, capacity 1897K, committed 1920K, reserved 1048576K
}

